<?xml version="1.0" encoding="UTF-8"?>
<!-- Generated by org.testng.reporters.JUnitReportReporter -->
<testsuite hostname="ANUI-HUMANCOMs-MacBook-Air.local" name="temp.ReportTest" tests="3" failures="0" timestamp="27 Aug 2016 09:29:55 GMT" time="19.553" errors="0">
  <testcase name="invalidlogin" time="2.137" classname="temp.ReportTest"/>
  <testcase name="duplicatelogin" time="8.653" classname="temp.ReportTest"/>
  <testcase name="validlogin" time="8.763" classname="temp.ReportTest"/>
</testsuite> <!-- temp.ReportTest -->
