<?xml version="1.0" encoding="UTF-8"?>
<!-- Generated by org.testng.reporters.JUnitReportReporter -->
<testsuite hostname="ANUIHUMNCOMsAir" name="com.vmetry.ntltaxi.utils.ReportGenerator" tests="1" failures="0" timestamp="28 Aug 2016 05:21:33 GMT" time="0.084" errors="0">
  <testcase name="archiveFile" time="0.084" classname="com.vmetry.ntltaxi.utils.ReportGenerator"/>
</testsuite> <!-- com.vmetry.ntltaxi.utils.ReportGenerator -->
