<?xml version="1.0" encoding="UTF-8"?>
<!-- Generated by org.testng.reporters.JUnitReportReporter -->
<testsuite hostname="prachi-PC" name="com.vmetry.ntltaxi.testcases.HomePageTest" tests="4" failures="0" timestamp="3 Sep 2016 06:01:07 GMT" time="92.824" errors="0">
  <testcase name="testHomePage" time="22.331" classname="com.vmetry.ntltaxi.testcases.HomePageTest"/>
  <testcase name="testHomePage" time="21.904" classname="com.vmetry.ntltaxi.testcases.HomePageTest"/>
  <testcase name="testHomePage" time="26.433" classname="com.vmetry.ntltaxi.testcases.HomePageTest"/>
  <testcase name="testHomePage" time="22.156" classname="com.vmetry.ntltaxi.testcases.HomePageTest"/>
</testsuite> <!-- com.vmetry.ntltaxi.testcases.HomePageTest -->
